0 info it worked if it ends with ok
1 verbose cli [ '/Users/edwardwang/cchh/chtools/homebrew/Cellar/node/6.7.0/bin/node',
1 verbose cli   '/Users/edwardwang/cchh/chtools/homebrew/bin/npm',
1 verbose cli   'run',
1 verbose cli   'start' ]
2 info using npm@3.10.7
3 info using node@v6.7.0
4 verbose run-script [ 'prestart', 'start', 'poststart' ]
5 info lifecycle create-react-app-with-redux@0.0.1~prestart: create-react-app-with-redux@0.0.1
6 silly lifecycle create-react-app-with-redux@0.0.1~prestart: no script for prestart, continuing
7 info lifecycle create-react-app-with-redux@0.0.1~start: create-react-app-with-redux@0.0.1
8 verbose lifecycle create-react-app-with-redux@0.0.1~start: unsafe-perm in lifecycle true
9 verbose lifecycle create-react-app-with-redux@0.0.1~start: PATH: /Users/edwardwang/cchh/chtools/homebrew/lib/node_modules/npm/bin/node-gyp-bin:/Users/edwardwang/Desktop/pp/Angular2vsReactRedux/ReactRedux-table/node_modules/.bin:/Users/edwardwang/cchh/chtools/homebrew/Cellar/node/6.7.0/bin:/Users/edwardwang/cchh/chtools/homebrew/bin:/Users/edwardwang/cchh/bin:/Users/edwardwang/cchh/devenv/bin:/Users/edwardwang/cchh/gopath/bin:/Users/edwardwang/goroot/bin:/Users/edwardwang/.nvm/versions/node/v4.5.0/bin:/Library/Frameworks/Python.framework/Versions/3.5/bin:/usr/local/bin:/usr/bin:/bin:/usr/sbin:/sbin:/Users/edwardwang/bin:/Users/edwardwang/cchh/apache-maven-3.3.9/bin:/Users/edwardwang/cchh/chtools/bin:/Applications/Postgres.app/Contents/Versions/9.6/bin:/Users/edwardwang/.nvm/versions/node/v4.5.0/bin:/Library/Frameworks/Python.framework/Versions/3.5/bin:/usr/local/bin:/usr/bin:/bin:/usr/sbin:/sbin
10 verbose lifecycle create-react-app-with-redux@0.0.1~start: CWD: /Users/edwardwang/Desktop/pp/Angular2vsReactRedux/ReactRedux-table
11 silly lifecycle create-react-app-with-redux@0.0.1~start: Args: [ '-c', 'node ./scripts/start.js' ]
12 silly lifecycle create-react-app-with-redux@0.0.1~start: Returned: code: 1  signal: null
13 info lifecycle create-react-app-with-redux@0.0.1~start: Failed to exec start script
14 verbose stack Error: create-react-app-with-redux@0.0.1 start: `node ./scripts/start.js`
14 verbose stack Exit status 1
14 verbose stack     at EventEmitter.<anonymous> (/Users/edwardwang/cchh/chtools/homebrew/lib/node_modules/npm/lib/utils/lifecycle.js:255:16)
14 verbose stack     at emitTwo (events.js:106:13)
14 verbose stack     at EventEmitter.emit (events.js:191:7)
14 verbose stack     at ChildProcess.<anonymous> (/Users/edwardwang/cchh/chtools/homebrew/lib/node_modules/npm/lib/utils/spawn.js:40:14)
14 verbose stack     at emitTwo (events.js:106:13)
14 verbose stack     at ChildProcess.emit (events.js:191:7)
14 verbose stack     at maybeClose (internal/child_process.js:877:16)
14 verbose stack     at Process.ChildProcess._handle.onexit (internal/child_process.js:226:5)
15 verbose pkgid create-react-app-with-redux@0.0.1
16 verbose cwd /Users/edwardwang/Desktop/pp/Angular2vsReactRedux/ReactRedux-table
17 error Darwin 15.6.0
18 error argv "/Users/edwardwang/cchh/chtools/homebrew/Cellar/node/6.7.0/bin/node" "/Users/edwardwang/cchh/chtools/homebrew/bin/npm" "run" "start"
19 error node v6.7.0
20 error npm  v3.10.7
21 error code ELIFECYCLE
22 error create-react-app-with-redux@0.0.1 start: `node ./scripts/start.js`
22 error Exit status 1
23 error Failed at the create-react-app-with-redux@0.0.1 start script 'node ./scripts/start.js'.
23 error Make sure you have the latest version of node.js and npm installed.
23 error If you do, this is most likely a problem with the create-react-app-with-redux package,
23 error not with npm itself.
23 error Tell the author that this fails on your system:
23 error     node ./scripts/start.js
23 error You can get information on how to open an issue for this project with:
23 error     npm bugs create-react-app-with-redux
23 error Or if that isn't available, you can get their info via:
23 error     npm owner ls create-react-app-with-redux
23 error There is likely additional logging output above.
24 verbose exit [ 1, true ]
